<?xml version="1.0" encoding="UTF-8"?>
<robot generator="Robot 7.0.1 (Python 3.12.3 on win32)" generated="2024-07-18T19:56:42.751290" rpa="false" schemaversion="5">
<suite id="s1" name="test library with Robot" source="C:\Users\Алексей\Desktop\test\library\test_library_with_Robot.robot">
<test id="s1-t1" name="Reserve Book" line="5">
<kw name="Test Reserve Book" owner="test_library">
<msg time="2024-07-18T19:56:42.774323" level="INFO">${result} = Book 'Test Book' is reserved by user User1.</msg>
<var>${result}</var>
<status status="PASS" start="2024-07-18T19:56:42.774323" elapsed="0.000000"/>
</kw>
<kw name="Should Be Equal" owner="BuiltIn">
<arg>${result}</arg>
<arg>Book 'Test Book' is reserved by user User1.</arg>
<doc>Fails if the given objects are unequal.</doc>
<status status="PASS" start="2024-07-18T19:56:42.775388" elapsed="0.000000"/>
</kw>
<tag>Positive</tag>
<status status="PASS" start="2024-07-18T19:56:42.774323" elapsed="0.001065"/>
</test>
<test id="s1-t2" name="Take Book" line="10">
<kw name="Test Take Book" owner="test_library">
<msg time="2024-07-18T19:56:42.776389" level="INFO">${result} = Book 'Test Book' is taken by user User1.</msg>
<var>${result}</var>
<status status="PASS" start="2024-07-18T19:56:42.776389" elapsed="0.000000"/>
</kw>
<kw name="Should Be Equal" owner="BuiltIn">
<arg>${result}</arg>
<arg>Book 'Test Book' is taken by user User1.</arg>
<doc>Fails if the given objects are unequal.</doc>
<status status="PASS" start="2024-07-18T19:56:42.776389" elapsed="0.000000"/>
</kw>
<tag>Positive</tag>
<status status="PASS" start="2024-07-18T19:56:42.775388" elapsed="0.001001"/>
</test>
<test id="s1-t3" name="Return Book" line="15">
<kw name="Test Return Book" owner="test_library">
<msg time="2024-07-18T19:56:42.777387" level="INFO">${result} = Book 'Test Book' is returned by user User1.</msg>
<var>${result}</var>
<status status="PASS" start="2024-07-18T19:56:42.776389" elapsed="0.000998"/>
</kw>
<kw name="Should Be Equal" owner="BuiltIn">
<arg>${result}</arg>
<arg>Book 'Test Book' is returned by user User1.</arg>
<doc>Fails if the given objects are unequal.</doc>
<status status="PASS" start="2024-07-18T19:56:42.777387" elapsed="0.000000"/>
</kw>
<tag>Positive</tag>
<status status="PASS" start="2024-07-18T19:56:42.776389" elapsed="0.000998"/>
</test>
<test id="s1-t4" name="Take Reserved Book By Another User" line="20">
<kw name="Test Take Reserved Book By Another User" owner="test_library">
<msg time="2024-07-18T19:56:42.778295" level="INFO">${result} = Book 'Test Book' is already reserved by user User1.</msg>
<var>${result}</var>
<status status="PASS" start="2024-07-18T19:56:42.778295" elapsed="0.000000"/>
</kw>
<kw name="Should Be Equal" owner="BuiltIn">
<arg>${result}</arg>
<arg>Book 'Test Book' is already reserved by user User1.</arg>
<doc>Fails if the given objects are unequal.</doc>
<status status="PASS" start="2024-07-18T19:56:42.778295" elapsed="0.000000"/>
</kw>
<tag>Negative</tag>
<status status="PASS" start="2024-07-18T19:56:42.778295" elapsed="0.001097"/>
</test>
<status status="PASS" start="2024-07-18T19:56:42.752282" elapsed="0.027110"/>
</suite>
<statistics>
<total>
<stat pass="4" fail="0" skip="0">All Tests</stat>
</total>
<tag>
<stat pass="1" fail="0" skip="0">Negative</stat>
<stat pass="3" fail="0" skip="0">Positive</stat>
</tag>
<suite>
<stat pass="4" fail="0" skip="0" id="s1" name="test library with Robot">test library with Robot</stat>
</suite>
</statistics>
<errors>
</errors>
</robot>
